<?xml version="1.0" encoding="utf-8"?><testsuites name="pytest tests"><testsuite name="pytest" errors="0" failures="0" skipped="12" tests="33" time="73.107" timestamp="2025-08-26T15:09:42.248316+00:00" hostname="pkrvmqc4gcfdwos"><properties><property name="ENV_CONFIG" value="targets/qemu_armsr-armv8.yaml" /><property name="TARGETS" value="['main']" /></properties><testcase classname="tests.test_apk.TestApk" name="test_apk_procd_installed" time="0.000"><skipped type="pytest.skip" message="LG_FEATURE_APK not defined">/home/runner/work/openwrt-tests/openwrt-tests/tests/test_apk.py:10: LG_FEATURE_APK not defined</skipped></testcase><testcase classname="tests.test_apk.TestApk" name="test_apk_add_ucert" time="0.000"><skipped type="pytest.skip" message="LG_FEATURE_APK not defined">/home/runner/work/openwrt-tests/openwrt-tests/tests/test_apk.py:13: LG_FEATURE_APK not defined</skipped></testcase><testcase classname="tests.test_apk.TestApk" name="test_apk_audit" time="0.000"><skipped type="pytest.skip" message="LG_FEATURE_APK not defined">/home/runner/work/openwrt-tests/openwrt-tests/tests/test_apk.py:23: LG_FEATURE_APK not defined</skipped></testcase><testcase classname="tests.test_base" name="test_shell" time="14.496" /><testcase classname="tests.test_base" name="test_firmware_version" time="0.156"><properties><property name="firmware_version" value="r28808-6bf869db0f" /><property name="expected_firmware_version" value="r28808-6bf869db0f" /></properties></testcase><testcase classname="tests.test_base" name="test_dropbear_startup" time="27.114" /><testcase classname="tests.test_base" name="test_ssh" time="22.118" /><testcase classname="tests.test_base" name="test_echo" time="0.161" /><testcase classname="tests.test_base" name="test_uname" time="0.256" /><testcase classname="tests.test_base" name="test_ubus_system_board" time="0.409" /><testcase classname="tests.test_base" name="test_free_memory" time="0.297" /><testcase classname="tests.test_base" name="test_sysupgrade_backup" time="0.000"><skipped type="pytest.skip" message="Skipping because feature &quot;{'rootfs'}&quot; is not supported">/home/runner/work/openwrt-tests/openwrt-tests/tests/test_base.py:69: Skipping because feature "{'rootfs'}" is not supported</skipped></testcase><testcase classname="tests.test_base" name="test_sysupgrade_backup_u" time="0.000"><skipped type="pytest.skip" message="Skipping because feature &quot;{'rootfs'}&quot; is not supported">/home/runner/work/openwrt-tests/openwrt-tests/tests/test_base.py:81: Skipping because feature "{'rootfs'}" is not supported</skipped></testcase><testcase classname="tests.test_base" name="test_kernel_errors" time="0.336" /><testcase classname="tests.test_lan" name="test_lan_wait_for_network" time="0.638" /><testcase classname="tests.test_lan" name="test_lan_interface_address" time="0.423" /><testcase classname="tests.test_network_security" name="test_ssh_supported_algorithms" time="0.827" /><testcase classname="tests.test_opkg" name="test_opkg_procd_installed" time="0.000"><skipped type="pytest.skip" message="Skipping because feature &quot;{'opkg'}&quot; is not supported">/home/runner/work/openwrt-tests/openwrt-tests/tests/test_opkg.py:4: Skipping because feature "{'opkg'}" is not supported</skipped></testcase><testcase classname="tests.test_opkg" name="test_opkg_install_ucert" time="0.000"><skipped type="pytest.skip" message="Skipping because features &quot;{'online', 'opkg'}&quot; are not supported">/home/runner/work/openwrt-tests/openwrt-tests/tests/test_opkg.py:9: Skipping because features "{'online', 'opkg'}" are not supported</skipped></testcase><testcase classname="tests.test_system_health.TestSystemHealth" name="test_cpu_load" time="0.290" /><testcase classname="tests.test_system_health.TestSystemHealth" name="test_memory_usage" time="0.291" /><testcase classname="tests.test_system_health.TestSystemHealth" name="test_filesystem_usage" time="1.709" /><testcase classname="tests.test_system_health.TestSystemHealth" name="test_system_uptime" time="0.400" /><testcase classname="tests.test_system_health.TestSystemHealth" name="test_temperature_sensors" time="0.455" /><testcase classname="tests.test_system_health.TestSystemHealth" name="test_process_count" time="0.981" /><testcase classname="tests.test_system_health.TestSystemHealth" name="test_entropy_available" time="0.352" /><testcase classname="tests.test_system_health.TestSystemHealth" name="test_open_file_descriptors" time="0.379" /><testcase classname="tests.test_wan" name="test_wan_wait_for_network" time="0.707" /><testcase classname="tests.test_wan" name="test_https_download" time="0.000"><skipped type="pytest.skip" message="Skipping because feature &quot;{'online'}&quot; is not supported">/home/runner/work/openwrt-tests/openwrt-tests/tests/test_wan.py:56: Skipping because feature "{'online'}" is not supported</skipped></testcase><testcase classname="tests.test_wifi" name="test_wifi_wpa3" time="0.000"><skipped type="pytest.skip" message="Skipping because feature &quot;{'wifi'}&quot; is not supported">/home/runner/work/openwrt-tests/openwrt-tests/tests/test_wifi.py:28: Skipping because feature "{'wifi'}" is not supported</skipped></testcase><testcase classname="tests.test_wifi" name="test_wifi_wpa2" time="0.000"><skipped type="pytest.skip" message="Skipping because feature &quot;{'wifi'}&quot; is not supported">/home/runner/work/openwrt-tests/openwrt-tests/tests/test_wifi.py:49: Skipping because feature "{'wifi'}" is not supported</skipped></testcase><testcase classname="tests.test_wifi" name="test_wifi_scan" time="0.000"><skipped type="pytest.skip" message="Skipping because features &quot;{'wifi', 'wifi-neighbors'}&quot; are not supported">/home/runner/work/openwrt-tests/openwrt-tests/tests/test_wifi.py:70: Skipping because features "{'wifi', 'wifi-neighbors'}" are not supported</skipped></testcase><testcase classname="tests.test_wifi" name="test_wifi_hwsim_sae_mixed" time="0.179"><skipped type="pytest.skip" message="Skipping because feature &quot;{'hwsim'}&quot; is not supported">/home/runner/work/openwrt-tests/openwrt-tests/tests/test_wifi.py:91: Skipping because feature "{'hwsim'}" is not supported</skipped></testcase></testsuite></testsuites>